TN:
SF:src/domain/Services/ProductService.ts
FN:3,changePrices
FNF:1
FNH:1
FNDA:1,changePrices
DA:1,1
DA:2,1
DA:3,1
DA:4,1
DA:5,3
DA:6,3
DA:7,3
DA:8,1
DA:9,1
DA:10,1
LF:10
LH:10
BRDA:3,0,0,1
BRDA:4,1,0,3
BRF:2
BRH:2
end_of_record
TN:
SF:src/domain/Services/orderService.ts
FN:8,total
FN:12,placeOrder
FNF:2
FNH:2
FNDA:1,total
FNDA:1,placeOrder
DA:1,1
DA:2,1
DA:3,1
DA:4,1
DA:5,1
DA:6,1
DA:7,1
DA:8,1
DA:9,1
DA:10,1
DA:11,1
DA:12,1
DA:13,1
DA:14,1
DA:15,1
DA:16,1
DA:17,1
DA:18,1
DA:19,1
LF:19
LH:19
BRDA:8,0,0,1
BRDA:9,1,0,3
BRDA:12,2,0,1
BRDA:13,3,0,0
BRF:4
BRH:3
end_of_record
TN:
SF:src/domain/entity/address.ts
FN:1,<instance_members_initializer>
FN:9,Address
FN:18,get street
FN:22,get number
FN:26,get zipcode
FN:30,get city
FN:34,validate
FN:41,toString
FNF:8
FNH:8
FNDA:23,<instance_members_initializer>
FNDA:23,Address
FNDA:11,get street
FNDA:11,get number
FNDA:11,get zipcode
FNDA:11,get city
FNDA:23,validate
FNDA:2,toString
DA:1,1
DA:2,23
DA:3,23
DA:4,23
DA:5,23
DA:6,23
DA:7,23
DA:8,23
DA:9,23
DA:10,23
DA:11,23
DA:12,23
DA:13,23
DA:14,23
DA:15,23
DA:16,23
DA:17,23
DA:18,23
DA:19,11
DA:20,11
DA:21,23
DA:22,23
DA:23,11
DA:24,11
DA:25,23
DA:26,23
DA:27,11
DA:28,11
DA:29,23
DA:30,23
DA:31,11
DA:32,11
DA:33,23
DA:34,23
DA:35,23
DA:36,23
DA:37,23
DA:38,23
DA:39,23
DA:40,23
DA:41,23
DA:42,2
DA:43,2
DA:44,23
LF:44
LH:44
BRDA:1,0,0,23
BRDA:9,1,0,23
BRDA:18,2,0,11
BRDA:22,3,0,11
BRDA:26,4,0,11
BRDA:30,5,0,11
BRDA:34,6,0,23
BRDA:35,7,0,0
BRDA:36,8,0,0
BRDA:37,9,0,0
BRDA:38,10,0,0
BRDA:41,11,0,2
BRF:12
BRH:8
end_of_record
TN:
SF:src/domain/entity/customer.ts
FN:2,<instance_members_initializer>
FN:9,Customer
FN:17,get id
FN:21,get name
FN:25,get address
FN:28,changeName
FN:33,validate
FN:37,activate
FN:42,deactivate
FN:46,get isActive
FN:50,get rewardPoints
FN:54,addRewardPoints
FN:57,toString
FNF:13
FNH:13
FNDA:24,<instance_members_initializer>
FNDA:24,Customer
FNDA:18,get id
FNDA:11,get name
FNDA:44,get address
FNDA:3,changeName
FNDA:27,validate
FNDA:2,activate
FNDA:1,deactivate
FNDA:13,get isActive
FNDA:15,get rewardPoints
FNDA:3,addRewardPoints
FNDA:2,toString
DA:1,1
DA:2,1
DA:3,24
DA:4,24
DA:5,24
DA:6,24
DA:7,24
DA:8,24
DA:9,24
DA:10,24
DA:11,24
DA:12,24
DA:13,24
DA:14,24
DA:15,24
DA:16,24
DA:17,24
DA:18,18
DA:19,18
DA:20,24
DA:21,24
DA:22,11
DA:23,11
DA:24,24
DA:25,24
DA:26,44
DA:27,44
DA:28,24
DA:29,3
DA:30,3
DA:31,3
DA:32,24
DA:33,24
DA:34,27
DA:35,27
DA:36,27
DA:37,24
DA:38,2
DA:39,1
DA:40,1
DA:41,24
DA:42,24
DA:43,1
DA:44,1
DA:45,24
DA:46,24
DA:47,13
DA:48,13
DA:49,24
DA:50,24
DA:51,15
DA:52,15
DA:53,24
DA:54,24
DA:55,3
DA:56,3
DA:57,24
DA:58,2
DA:59,2
DA:60,24
LF:60
LH:60
BRDA:2,0,0,24
BRDA:9,1,0,24
BRDA:17,2,0,18
BRDA:21,3,0,11
BRDA:25,4,0,44
BRDA:28,5,0,3
BRDA:33,6,0,27
BRDA:34,7,0,1
BRDA:34,8,0,26
BRDA:35,9,0,2
BRDA:37,10,0,2
BRDA:38,11,0,1
BRDA:42,12,0,1
BRDA:46,13,0,13
BRDA:50,14,0,15
BRDA:54,15,0,3
BRDA:57,16,0,2
BRF:17
BRH:17
end_of_record
TN:
SF:src/domain/entity/order.ts
FN:2,<instance_members_initializer>
FN:7,Order
FN:14,get id
FN:18,get customerId
FN:22,get items
FN:26,validate
FN:31,total
FNF:7
FNH:7
FNDA:19,<instance_members_initializer>
FNDA:19,Order
FNDA:12,get id
FNDA:6,get customerId
FNDA:6,get items
FNDA:19,validate
FNDA:13,total
DA:1,1
DA:2,1
DA:3,19
DA:4,19
DA:5,19
DA:6,19
DA:7,19
DA:8,19
DA:9,19
DA:10,19
DA:11,19
DA:12,19
DA:13,19
DA:14,19
DA:15,12
DA:16,12
DA:17,19
DA:18,19
DA:19,6
DA:20,6
DA:21,19
DA:22,19
DA:23,6
DA:24,6
DA:25,19
DA:26,19
DA:27,19
DA:28,19
DA:29,19
DA:30,19
DA:31,19
DA:32,13
DA:33,13
DA:34,19
LF:34
LH:34
BRDA:2,0,0,19
BRDA:7,1,0,19
BRDA:14,2,0,12
BRDA:18,3,0,6
BRDA:22,4,0,6
BRDA:26,5,0,19
BRDA:27,6,0,1
BRDA:27,7,0,18
BRDA:28,8,0,1
BRDA:28,9,0,17
BRDA:29,10,0,1
BRDA:31,11,0,13
BRDA:32,12,0,17
BRF:13
BRH:13
end_of_record
TN:
SF:src/domain/entity/orderItems.ts
FN:1,<instance_members_initializer>
FN:8,OrderItem
FN:16,get id
FN:20,get name
FN:24,get productId
FN:28,get price
FN:32,get quantity
FNF:7
FNH:7
FNDA:14,<instance_members_initializer>
FNDA:14,OrderItem
FNDA:6,get id
FNDA:6,get name
FNDA:6,get productId
FNDA:20,get price
FNDA:20,get quantity
DA:1,1
DA:2,14
DA:3,14
DA:4,14
DA:5,14
DA:6,14
DA:7,14
DA:8,14
DA:9,14
DA:10,14
DA:11,14
DA:12,14
DA:13,14
DA:14,14
DA:15,14
DA:16,14
DA:17,6
DA:18,6
DA:19,14
DA:20,14
DA:21,6
DA:22,6
DA:23,14
DA:24,14
DA:25,6
DA:26,6
DA:27,14
DA:28,14
DA:29,20
DA:30,20
DA:31,14
DA:32,14
DA:33,20
DA:34,20
DA:35,14
LF:35
LH:35
BRDA:1,0,0,14
BRDA:8,1,0,14
BRDA:16,2,0,6
BRDA:20,3,0,6
BRDA:24,4,0,6
BRDA:28,5,0,20
BRDA:32,6,0,20
BRF:7
BRH:7
end_of_record
TN:
SF:src/domain/entity/product.ts
FN:1,<instance_members_initializer>
FN:6,Product
FN:13,validate
FN:19,get id
FN:23,get name
FN:27,get price
FN:31,changeName
FN:36,changePrice
FNF:8
FNH:8
FNDA:22,<instance_members_initializer>
FNDA:22,Product
FNDA:30,validate
FNDA:16,get id
FNDA:17,get name
FNDA:22,get price
FNDA:3,changeName
FNDA:5,changePrice
DA:1,1
DA:2,22
DA:3,22
DA:4,22
DA:5,22
DA:6,22
DA:7,22
DA:8,22
DA:9,22
DA:10,22
DA:11,22
DA:12,22
DA:13,22
DA:14,30
DA:15,30
DA:16,30
DA:17,30
DA:18,22
DA:19,22
DA:20,16
DA:21,16
DA:22,22
DA:23,22
DA:24,17
DA:25,17
DA:26,22
DA:27,22
DA:28,22
DA:29,22
DA:30,22
DA:31,22
DA:32,3
DA:33,3
DA:34,3
DA:35,22
DA:36,22
DA:37,5
DA:38,5
DA:39,5
DA:40,22
LF:40
LH:40
BRDA:1,0,0,22
BRDA:6,1,0,22
BRDA:13,2,0,30
BRDA:14,3,0,1
BRDA:14,4,0,29
BRDA:15,5,0,2
BRDA:15,6,0,27
BRDA:16,7,0,2
BRDA:19,8,0,16
BRDA:23,9,0,17
BRDA:27,10,0,22
BRDA:31,11,0,3
BRDA:36,12,0,5
BRF:13
BRH:13
end_of_record
TN:
SF:src/infra/db/sequilize/model/customer.model.ts
FNF:0
FNH:0
DA:1,1
DA:2,1
DA:3,1
DA:4,1
DA:5,1
DA:6,1
DA:7,1
DA:8,1
DA:9,1
DA:10,1
DA:11,1
DA:12,1
DA:13,1
DA:14,1
DA:15,1
DA:16,1
DA:17,1
DA:18,1
DA:19,1
DA:20,1
DA:21,1
DA:22,1
DA:23,1
DA:24,1
LF:24
LH:24
BRF:0
BRH:0
end_of_record
TN:
SF:src/infra/db/sequilize/model/order.model.ts
FNF:0
FNH:0
DA:1,1
DA:2,1
DA:3,1
DA:4,1
DA:5,1
DA:6,1
DA:7,1
DA:8,1
DA:9,1
DA:10,1
DA:11,1
DA:12,1
DA:13,1
DA:14,1
DA:15,1
DA:16,1
DA:17,1
DA:18,1
DA:19,1
DA:20,1
DA:21,1
DA:22,1
DA:23,1
DA:24,1
DA:25,1
LF:25
LH:25
BRDA:18,0,0,0
BRDA:13,1,0,4
BRDA:17,2,0,18
BRDA:23,3,0,18
BRF:4
BRH:3
end_of_record
TN:
SF:src/infra/db/sequilize/model/order_item.model.ts
FNF:0
FNH:0
DA:1,1
DA:2,1
DA:3,1
DA:4,1
DA:5,1
DA:6,1
DA:7,1
DA:8,1
DA:9,1
DA:10,1
DA:11,1
DA:12,1
DA:13,1
DA:14,1
DA:15,1
DA:16,1
DA:17,1
DA:18,1
DA:19,1
DA:20,1
DA:21,1
DA:22,1
DA:23,1
DA:24,1
DA:25,1
DA:26,1
DA:27,1
DA:28,1
DA:29,1
DA:30,1
DA:31,1
DA:32,1
DA:33,1
DA:34,1
DA:35,1
LF:35
LH:35
BRDA:18,0,0,0
BRDA:25,1,0,0
BRDA:13,2,0,20
BRDA:17,3,0,8
BRDA:20,4,0,8
BRDA:24,5,0,8
BRF:6
BRH:4
end_of_record
TN:
SF:src/infra/db/sequilize/model/product.model.ts
FNF:0
FNH:0
DA:1,1
DA:2,1
DA:3,1
DA:4,1
DA:5,1
DA:6,1
DA:7,1
DA:8,1
DA:9,1
DA:10,1
DA:11,1
DA:12,1
DA:13,1
DA:14,1
DA:15,1
DA:16,1
LF:16
LH:16
BRF:0
BRH:0
end_of_record
TN:
SF:src/infra/repository/customer.repository.ts
FN:7,create
FN:20,update
FN:35,findById
FN:39,findAll
FNF:4
FNH:4
FNDA:10,create
FNDA:1,update
FNDA:1,findById
FNDA:1,findAll
DA:1,1
DA:2,1
DA:3,1
DA:4,1
DA:5,1
DA:6,1
DA:7,1
DA:8,10
DA:9,10
DA:10,10
DA:11,10
DA:12,10
DA:13,10
DA:14,10
DA:15,10
DA:16,10
DA:17,10
DA:18,10
DA:19,1
DA:20,1
DA:21,1
DA:22,1
DA:23,1
DA:24,1
DA:25,1
DA:26,1
DA:27,1
DA:28,1
DA:29,1
DA:30,1
DA:31,1
DA:32,1
DA:33,1
DA:34,1
DA:35,1
DA:36,1
DA:37,1
DA:38,1
DA:39,1
DA:40,1
DA:41,1
DA:42,1
DA:43,1
DA:44,1
LF:44
LH:44
BRDA:7,0,0,10
BRDA:20,1,0,1
BRDA:35,2,0,1
BRDA:39,3,0,1
BRDA:41,4,0,2
BRF:5
BRH:5
end_of_record
TN:
SF:src/infra/repository/order.repository.ts
FN:9,create
FN:21,update
FN:37,findById
FN:48,findAll
FNF:4
FNH:4
FNDA:5,create
FNDA:1,update
FNDA:2,findById
FNDA:1,findAll
DA:1,1
DA:2,1
DA:3,1
DA:4,1
DA:5,1
DA:6,1
DA:7,1
DA:8,1
DA:9,1
DA:10,5
DA:11,5
DA:12,5
DA:13,5
DA:14,5
DA:15,5
DA:16,5
DA:17,5
DA:18,5
DA:19,5
DA:20,1
DA:21,1
DA:22,1
DA:23,1
DA:24,1
DA:25,1
DA:26,1
DA:27,1
DA:28,1
DA:29,1
DA:30,1
DA:31,1
DA:32,1
DA:33,1
DA:34,1
DA:35,1
DA:36,1
DA:37,1
DA:38,2
DA:39,2
DA:40,2
DA:41,2
DA:42,2
DA:43,2
DA:44,2
DA:45,2
DA:46,2
DA:47,1
DA:48,1
DA:49,1
DA:50,1
DA:51,2
DA:52,2
DA:53,2
DA:54,2
DA:55,2
DA:56,2
DA:57,2
DA:58,2
DA:59,2
DA:60,2
DA:61,2
DA:62,1
DA:63,1
DA:64,1
LF:64
LH:64
BRDA:9,0,0,5
BRDA:14,1,0,5
BRDA:21,2,0,1
BRDA:23,3,0,0
BRDA:28,4,0,1
BRDA:37,5,0,2
BRDA:39,6,0,2
BRDA:48,7,0,1
BRDA:50,8,0,2
BRDA:53,9,0,2
BRF:10
BRH:9
end_of_record
TN:
SF:src/infra/repository/product.repository.ts
FN:6,create
FN:13,update
FN:20,findById
FN:24,findAll
FNF:4
FNH:4
FNDA:9,create
FNDA:1,update
FNDA:1,findById
FNDA:1,findAll
DA:1,1
DA:2,1
DA:3,1
DA:4,1
DA:5,1
DA:6,1
DA:7,9
DA:8,9
DA:9,9
DA:10,9
DA:11,9
DA:12,9
DA:13,1
DA:14,1
DA:15,1
DA:16,1
DA:17,1
DA:18,1
DA:19,1
DA:20,1
DA:21,1
DA:22,1
DA:23,1
DA:24,1
DA:25,1
DA:26,1
DA:27,1
DA:28,1
DA:29,1
LF:29
LH:29
BRDA:6,0,0,9
BRDA:13,1,0,1
BRDA:20,2,0,1
BRDA:24,3,0,1
BRDA:26,4,0,2
BRF:5
BRH:5
end_of_record
