TN:
SF:src/domain/entity/address.ts
FN:1,<instance_members_initializer>
FN:9,Address
FN:18,get street
FN:22,get number
FN:26,get zipcode
FN:30,get city
FN:34,validate
FN:41,toString
FNF:8
FNH:7
FNDA:6,<instance_members_initializer>
FNDA:6,Address
FNDA:5,get street
FNDA:5,get number
FNDA:5,get zipcode
FNDA:5,get city
FNDA:6,validate
FNDA:0,toString
DA:1,1
DA:2,6
DA:3,6
DA:4,6
DA:5,6
DA:6,6
DA:7,6
DA:8,6
DA:9,6
DA:10,6
DA:11,6
DA:12,6
DA:13,6
DA:14,6
DA:15,6
DA:16,6
DA:17,6
DA:18,6
DA:19,5
DA:20,5
DA:21,6
DA:22,6
DA:23,5
DA:24,5
DA:25,6
DA:26,6
DA:27,5
DA:28,5
DA:29,6
DA:30,6
DA:31,5
DA:32,5
DA:33,6
DA:34,6
DA:35,6
DA:36,6
DA:37,6
DA:38,6
DA:39,6
DA:40,6
DA:41,6
DA:42,0
DA:43,0
DA:44,6
LF:44
LH:42
BRDA:1,0,0,6
BRDA:9,1,0,6
BRDA:18,2,0,5
BRDA:22,3,0,5
BRDA:26,4,0,5
BRDA:30,5,0,5
BRDA:34,6,0,6
BRDA:35,7,0,0
BRDA:36,8,0,0
BRDA:37,9,0,0
BRDA:38,10,0,0
BRF:11
BRH:7
end_of_record
TN:
SF:src/domain/entity/customer.ts
FN:2,<instance_members_initializer>
FN:9,Customer
FN:17,get id
FN:21,get name
FN:25,get address
FN:28,changeName
FN:33,validate
FN:37,activate
FN:42,deactivate
FN:46,get isActive
FN:50,get rewardPoints
FN:54,addRewardPoints
FN:57,toString
FNF:13
FNH:8
FNDA:6,<instance_members_initializer>
FNDA:6,Customer
FNDA:11,get id
FNDA:5,get name
FNDA:20,get address
FNDA:0,changeName
FNDA:6,validate
FNDA:0,activate
FNDA:0,deactivate
FNDA:5,get isActive
FNDA:5,get rewardPoints
FNDA:0,addRewardPoints
FNDA:0,toString
DA:1,1
DA:2,1
DA:3,6
DA:4,6
DA:5,6
DA:6,6
DA:7,6
DA:8,6
DA:9,6
DA:10,6
DA:11,6
DA:12,6
DA:13,6
DA:14,6
DA:15,6
DA:16,6
DA:17,6
DA:18,11
DA:19,11
DA:20,6
DA:21,6
DA:22,5
DA:23,5
DA:24,6
DA:25,6
DA:26,20
DA:27,20
DA:28,6
DA:29,0
DA:30,0
DA:31,0
DA:32,6
DA:33,6
DA:34,6
DA:35,6
DA:36,6
DA:37,6
DA:38,0
DA:39,0
DA:40,0
DA:41,6
DA:42,6
DA:43,0
DA:44,0
DA:45,6
DA:46,6
DA:47,5
DA:48,5
DA:49,6
DA:50,6
DA:51,5
DA:52,5
DA:53,6
DA:54,6
DA:55,0
DA:56,0
DA:57,6
DA:58,0
DA:59,0
DA:60,6
LF:60
LH:48
BRDA:2,0,0,6
BRDA:9,1,0,6
BRDA:17,2,0,11
BRDA:21,3,0,5
BRDA:25,4,0,20
BRDA:33,5,0,6
BRDA:34,6,0,0
BRDA:35,7,0,0
BRDA:46,8,0,5
BRDA:50,9,0,5
BRF:10
BRH:8
end_of_record
TN:
SF:src/domain/entity/order.ts
FN:2,<instance_members_initializer>
FN:7,Order
FN:14,get id
FN:18,get customerId
FN:22,get items
FN:26,validate
FN:31,total
FNF:7
FNH:7
FNDA:10,<instance_members_initializer>
FNDA:10,Order
FNDA:12,get id
FNDA:6,get customerId
FNDA:6,get items
FNDA:10,validate
FNDA:7,total
DA:1,1
DA:2,1
DA:3,10
DA:4,10
DA:5,10
DA:6,10
DA:7,10
DA:8,10
DA:9,10
DA:10,10
DA:11,10
DA:12,10
DA:13,10
DA:14,10
DA:15,12
DA:16,12
DA:17,10
DA:18,10
DA:19,6
DA:20,6
DA:21,10
DA:22,10
DA:23,6
DA:24,6
DA:25,10
DA:26,10
DA:27,10
DA:28,10
DA:29,10
DA:30,10
DA:31,10
DA:32,7
DA:33,7
DA:34,10
LF:34
LH:34
BRDA:2,0,0,10
BRDA:7,1,0,10
BRDA:14,2,0,12
BRDA:18,3,0,6
BRDA:22,4,0,6
BRDA:26,5,0,10
BRDA:27,6,0,0
BRDA:28,7,0,0
BRDA:29,8,0,0
BRDA:31,9,0,7
BRDA:32,10,0,7
BRF:11
BRH:8
end_of_record
TN:
SF:src/domain/entity/orderItems.ts
FN:1,<instance_members_initializer>
FN:8,OrderItem
FN:16,get id
FN:20,get name
FN:24,get productId
FN:28,get price
FN:32,get quantity
FNF:7
FNH:7
FNDA:9,<instance_members_initializer>
FNDA:9,OrderItem
FNDA:6,get id
FNDA:6,get name
FNDA:6,get productId
FNDA:13,get price
FNDA:13,get quantity
DA:1,1
DA:2,9
DA:3,9
DA:4,9
DA:5,9
DA:6,9
DA:7,9
DA:8,9
DA:9,9
DA:10,9
DA:11,9
DA:12,9
DA:13,9
DA:14,9
DA:15,9
DA:16,9
DA:17,6
DA:18,6
DA:19,9
DA:20,9
DA:21,6
DA:22,6
DA:23,9
DA:24,9
DA:25,6
DA:26,6
DA:27,9
DA:28,9
DA:29,13
DA:30,13
DA:31,9
DA:32,9
DA:33,13
DA:34,13
DA:35,9
LF:35
LH:35
BRDA:1,0,0,9
BRDA:8,1,0,9
BRDA:16,2,0,6
BRDA:20,3,0,6
BRDA:24,4,0,6
BRDA:28,5,0,13
BRDA:32,6,0,13
BRF:7
BRH:7
end_of_record
TN:
SF:src/domain/entity/product.ts
FN:1,<instance_members_initializer>
FN:6,Product
FN:13,validate
FN:19,get id
FN:23,get name
FN:27,get price
FN:31,changeName
FN:36,changePrice
FNF:8
FNH:6
FNDA:4,<instance_members_initializer>
FNDA:4,Product
FNDA:4,validate
FNDA:9,get id
FNDA:9,get name
FNDA:9,get price
FNDA:0,changeName
FNDA:0,changePrice
DA:1,1
DA:2,4
DA:3,4
DA:4,4
DA:5,4
DA:6,4
DA:7,4
DA:8,4
DA:9,4
DA:10,4
DA:11,4
DA:12,4
DA:13,4
DA:14,4
DA:15,4
DA:16,4
DA:17,4
DA:18,4
DA:19,4
DA:20,9
DA:21,9
DA:22,4
DA:23,4
DA:24,9
DA:25,9
DA:26,4
DA:27,4
DA:28,9
DA:29,9
DA:30,4
DA:31,4
DA:32,0
DA:33,0
DA:34,0
DA:35,4
DA:36,4
DA:37,0
DA:38,0
DA:39,0
DA:40,4
LF:40
LH:34
BRDA:1,0,0,4
BRDA:6,1,0,4
BRDA:13,2,0,4
BRDA:14,3,0,0
BRDA:15,4,0,0
BRDA:16,5,0,0
BRDA:19,6,0,9
BRDA:23,7,0,9
BRDA:27,8,0,9
BRF:9
BRH:6
end_of_record
TN:
SF:src/infra/db/sequilize/model/customer.model.ts
FNF:0
FNH:0
DA:1,1
DA:2,1
DA:3,1
DA:4,1
DA:5,1
DA:6,1
DA:7,1
DA:8,1
DA:9,1
DA:10,1
DA:11,1
DA:12,1
DA:13,1
DA:14,1
DA:15,1
DA:16,1
DA:17,1
DA:18,1
DA:19,1
DA:20,1
DA:21,1
DA:22,1
DA:23,1
DA:24,1
LF:24
LH:24
BRF:0
BRH:0
end_of_record
TN:
SF:src/infra/db/sequilize/model/order.model.ts
FNF:0
FNH:0
DA:1,1
DA:2,1
DA:3,1
DA:4,1
DA:5,1
DA:6,1
DA:7,1
DA:8,1
DA:9,1
DA:10,1
DA:11,1
DA:12,1
DA:13,1
DA:14,1
DA:15,1
DA:16,1
DA:17,1
DA:18,1
DA:19,1
DA:20,1
DA:21,1
DA:22,1
DA:23,1
DA:24,1
DA:25,1
LF:25
LH:25
BRDA:18,0,0,0
BRDA:13,1,0,4
BRDA:17,2,0,18
BRDA:23,3,0,18
BRF:4
BRH:3
end_of_record
TN:
SF:src/infra/db/sequilize/model/order_item.model.ts
FNF:0
FNH:0
DA:1,1
DA:2,1
DA:3,1
DA:4,1
DA:5,1
DA:6,1
DA:7,1
DA:8,1
DA:9,1
DA:10,1
DA:11,1
DA:12,1
DA:13,1
DA:14,1
DA:15,1
DA:16,1
DA:17,1
DA:18,1
DA:19,1
DA:20,1
DA:21,1
DA:22,1
DA:23,1
DA:24,1
DA:25,1
DA:26,1
DA:27,1
DA:28,1
DA:29,1
DA:30,1
DA:31,1
DA:32,1
DA:33,1
DA:34,1
DA:35,1
LF:35
LH:35
BRDA:18,0,0,0
BRDA:25,1,0,0
BRDA:13,2,0,20
BRDA:17,3,0,8
BRDA:20,4,0,8
BRDA:24,5,0,8
BRF:6
BRH:4
end_of_record
TN:
SF:src/infra/db/sequilize/model/product.model.ts
FNF:0
FNH:0
DA:1,1
DA:2,1
DA:3,1
DA:4,1
DA:5,1
DA:6,1
DA:7,1
DA:8,1
DA:9,1
DA:10,1
DA:11,1
DA:12,1
DA:13,1
DA:14,1
DA:15,1
DA:16,1
LF:16
LH:16
BRF:0
BRH:0
end_of_record
TN:
SF:src/infra/repository/customer.repository.ts
FN:7,create
FN:20,update
FN:35,findById
FN:39,findAll
FNF:4
FNH:1
FNDA:5,create
FNDA:0,update
FNDA:0,findById
FNDA:0,findAll
DA:1,1
DA:2,1
DA:3,1
DA:4,1
DA:5,1
DA:6,1
DA:7,1
DA:8,5
DA:9,5
DA:10,5
DA:11,5
DA:12,5
DA:13,5
DA:14,5
DA:15,5
DA:16,5
DA:17,5
DA:18,5
DA:19,1
DA:20,1
DA:21,0
DA:22,0
DA:23,0
DA:24,0
DA:25,0
DA:26,0
DA:27,0
DA:28,0
DA:29,0
DA:30,0
DA:31,0
DA:32,0
DA:33,0
DA:34,0
DA:35,1
DA:36,0
DA:37,0
DA:38,0
DA:39,1
DA:40,0
DA:41,0
DA:42,0
DA:43,1
DA:44,1
LF:44
LH:24
BRDA:7,0,0,5
BRF:1
BRH:1
end_of_record
TN:
SF:src/infra/repository/order.repository.ts
FN:9,create
FN:21,update
FN:37,findById
FN:48,findAll
FNF:4
FNH:4
FNDA:5,create
FNDA:1,update
FNDA:2,findById
FNDA:1,findAll
DA:1,1
DA:2,1
DA:3,1
DA:4,1
DA:5,1
DA:6,1
DA:7,1
DA:8,1
DA:9,1
DA:10,5
DA:11,5
DA:12,5
DA:13,5
DA:14,5
DA:15,5
DA:16,5
DA:17,5
DA:18,5
DA:19,5
DA:20,1
DA:21,1
DA:22,1
DA:23,1
DA:24,1
DA:25,1
DA:26,1
DA:27,1
DA:28,1
DA:29,1
DA:30,1
DA:31,1
DA:32,1
DA:33,1
DA:34,1
DA:35,1
DA:36,1
DA:37,1
DA:38,2
DA:39,2
DA:40,2
DA:41,2
DA:42,2
DA:43,2
DA:44,2
DA:45,2
DA:46,2
DA:47,1
DA:48,1
DA:49,1
DA:50,1
DA:51,2
DA:52,2
DA:53,2
DA:54,2
DA:55,2
DA:56,2
DA:57,2
DA:58,2
DA:59,2
DA:60,2
DA:61,2
DA:62,1
DA:63,1
DA:64,1
LF:64
LH:64
BRDA:9,0,0,5
BRDA:14,1,0,5
BRDA:21,2,0,1
BRDA:23,3,0,0
BRDA:28,4,0,1
BRDA:37,5,0,2
BRDA:39,6,0,2
BRDA:48,7,0,1
BRDA:50,8,0,2
BRDA:53,9,0,2
BRF:10
BRH:9
end_of_record
TN:
SF:src/infra/repository/product.repository.ts
FN:6,create
FN:13,update
FN:20,findById
FN:24,findAll
FNF:4
FNH:1
FNDA:4,create
FNDA:0,update
FNDA:0,findById
FNDA:0,findAll
DA:1,1
DA:2,1
DA:3,1
DA:4,1
DA:5,1
DA:6,1
DA:7,4
DA:8,4
DA:9,4
DA:10,4
DA:11,4
DA:12,4
DA:13,1
DA:14,0
DA:15,0
DA:16,0
DA:17,0
DA:18,0
DA:19,0
DA:20,1
DA:21,0
DA:22,0
DA:23,0
DA:24,1
DA:25,0
DA:26,0
DA:27,0
DA:28,1
DA:29,1
LF:29
LH:17
BRDA:6,0,0,4
BRF:1
BRH:1
end_of_record
